The target system is: Linux -  - arm64
The host system is: Linux - 6.8.0-85-generic - x86_64
Compiling the C compiler identification source file "CMakeCCompilerId.c" succeeded.
Compiler: /home/black/tspi/buildroot/output/rockchip_rk3566/host/bin/aarch64-buildroot-linux-gnu-gcc 
Build flags: 
Id flags:  

The output was:
0


Compilation of the C compiler identification source "CMakeCCompilerId.c" produced "a.out"

The C compiler identification is GNU, found in "/home/black/lvgl/lv_port_linux/buildarm/CMakeFiles/3.22.1/CompilerIdC/a.out"

Compiling the CXX compiler identification source file "CMakeCXXCompilerId.cpp" succeeded.
Compiler: /home/black/tspi/buildroot/output/rockchip_rk3566/host/bin/aarch64-buildroot-linux-gnu-g++ 
Build flags: 
Id flags:  

The output was:
0


Compilation of the CXX compiler identification source "CMakeCXXCompilerId.cpp" produced "a.out"

The CXX compiler identification is GNU, found in "/home/black/lvgl/lv_port_linux/buildarm/CMakeFiles/3.22.1/CompilerIdCXX/a.out"

Detecting C compiler ABI info compiled with the following output:
Change Dir: /home/black/lvgl/lv_port_linux/buildarm/CMakeFiles/CMakeTmp

Run Build Command(s):/usr/bin/gmake -f Makefile cmTC_d5c23/fast && /usr/bin/gmake  -f CMakeFiles/cmTC_d5c23.dir/build.make CMakeFiles/cmTC_d5c23.dir/build
gmake[1]: Entering directory '/home/black/lvgl/lv_port_linux/buildarm/CMakeFiles/CMakeTmp'
Building C object CMakeFiles/cmTC_d5c23.dir/CMakeCCompilerABI.c.o
/home/black/tspi/buildroot/output/rockchip_rk3566/host/bin/aarch64-buildroot-linux-gnu-gcc   -v -o CMakeFiles/cmTC_d5c23.dir/CMakeCCompilerABI.c.o -c /usr/share/cmake-3.22/Modules/CMakeCCompilerABI.c
Using built-in specs.
COLLECT_GCC=/home/black/tspi/buildroot/output/rockchip_rk3566/host/bin/aarch64-buildroot-linux-gnu-gcc.br_real
Target: aarch64-buildroot-linux-gnu
Configured with: ./configure --prefix=/home/black/tspi/buildroot/output/rockchip_rk3566/host --sysconfdir=/home/black/tspi/buildroot/output/rockchip_rk3566/host/etc --enable-static --target=aarch64-buildroot-linux-gnu --with-sysroot=/home/black/tspi/buildroot/output/rockchip_rk3566/host/aarch64-buildroot-linux-gnu/sysroot --enable-__cxa_atexit --with-gnu-ld --disable-libssp --disable-multilib --disable-decimal-float --with-gmp=/home/black/tspi/buildroot/output/rockchip_rk3566/host --with-mpc=/home/black/tspi/buildroot/output/rockchip_rk3566/host --with-mpfr=/home/black/tspi/buildroot/output/rockchip_rk3566/host --with-pkgversion='Buildroot 2018.02-rc3-00001-g4c7c9df6-dirty' --with-bugurl=http://bugs.buildroot.net/ --without-zstd --disable-libquadmath --disable-libquadmath-support --enable-tls --enable-threads --without-isl --without-cloog --with-abi=lp64 --with-cpu=cortex-a55 --enable-languages=c,c++ --with-build-time-tools=/home/black/tspi/buildroot/output/rockchip_rk3566/host/aarch64-buildroot-linux-gnu/bin --enable-shared --disable-libgomp
Thread model: posix
Supported LTO compression algorithms: zlib
gcc version 10.3.0 (Buildroot 2018.02-rc3-00001-g4c7c9df6-dirty) 
COLLECT_GCC_OPTIONS='-v' '-o' 'CMakeFiles/cmTC_d5c23.dir/CMakeCCompilerABI.c.o' '-c' '-mcpu=cortex-a55' '-mlittle-endian' '-mabi=lp64'
 /home/black/tspi/buildroot/output/rockchip_rk3566/host/libexec/gcc/aarch64-buildroot-linux-gnu/10.3.0/cc1 -quiet -v -isysroot /home/black/tspi/buildroot/output/rockchip_rk3566/host/aarch64-buildroot-linux-gnu/sysroot /usr/share/cmake-3.22/Modules/CMakeCCompilerABI.c -quiet -dumpbase CMakeCCompilerABI.c -mcpu=cortex-a55 -mlittle-endian -mabi=lp64 -auxbase-strip CMakeFiles/cmTC_d5c23.dir/CMakeCCompilerABI.c.o -version -o /tmp/cc8TgAzw.s
GNU C17 (Buildroot 2018.02-rc3-00001-g4c7c9df6-dirty) version 10.3.0 (aarch64-buildroot-linux-gnu)
	compiled by GNU C version 11.4.0, GMP version 6.1.2, MPFR version 3.1.6, MPC version 1.0.3, isl version none
GGC heuristics: --param ggc-min-expand=100 --param ggc-min-heapsize=131072
ignoring nonexistent directory "/home/black/tspi/buildroot/output/rockchip_rk3566/host/aarch64-buildroot-linux-gnu/sysroot/usr/local/include"
#include "..." search starts here:
#include <...> search starts here:
 /home/black/tspi/buildroot/output/rockchip_rk3566/host/lib/gcc/aarch64-buildroot-linux-gnu/10.3.0/include
 /home/black/tspi/buildroot/output/rockchip_rk3566/host/lib/gcc/aarch64-buildroot-linux-gnu/10.3.0/include-fixed
 /home/black/tspi/buildroot/output/rockchip_rk3566/host/lib/gcc/aarch64-buildroot-linux-gnu/10.3.0/../../../../aarch64-buildroot-linux-gnu/include
 /home/black/tspi/buildroot/output/rockchip_rk3566/host/aarch64-buildroot-linux-gnu/sysroot/usr/include
End of search list.
GNU C17 (Buildroot 2018.02-rc3-00001-g4c7c9df6-dirty) version 10.3.0 (aarch64-buildroot-linux-gnu)
	compiled by GNU C version 11.4.0, GMP version 6.1.2, MPFR version 3.1.6, MPC version 1.0.3, isl version none
GGC heuristics: --param ggc-min-expand=100 --param ggc-min-heapsize=131072
Compiler executable checksum: 1e122f36d24131410b588f7ffbef5864
COLLECT_GCC_OPTIONS='-v' '-o' 'CMakeFiles/cmTC_d5c23.dir/CMakeCCompilerABI.c.o' '-c' '-mcpu=cortex-a55' '-mlittle-endian' '-mabi=lp64'
 /home/black/tspi/buildroot/output/rockchip_rk3566/host/lib/gcc/aarch64-buildroot-linux-gnu/10.3.0/../../../../aarch64-buildroot-linux-gnu/bin/as -v -EL -march=armv8.2-a+fp16+rcpc+dotprod -mabi=lp64 -o CMakeFiles/cmTC_d5c23.dir/CMakeCCompilerABI.c.o /tmp/cc8TgAzw.s
GNU assembler version 2.36.1 (aarch64-buildroot-linux-gnu) using BFD version (GNU Binutils) 2.36.1
COMPILER_PATH=/home/black/tspi/buildroot/output/rockchip_rk3566/host/libexec/gcc/aarch64-buildroot-linux-gnu/10.3.0/:/home/black/tspi/buildroot/output/rockchip_rk3566/host/libexec/gcc/aarch64-buildroot-linux-gnu/10.3.0/:/home/black/tspi/buildroot/output/rockchip_rk3566/host/libexec/gcc/aarch64-buildroot-linux-gnu/:/home/black/tspi/buildroot/output/rockchip_rk3566/host/lib/gcc/aarch64-buildroot-linux-gnu/10.3.0/:/home/black/tspi/buildroot/output/rockchip_rk3566/host/lib/gcc/aarch64-buildroot-linux-gnu/:/home/black/tspi/buildroot/output/rockchip_rk3566/host/lib/gcc/aarch64-buildroot-linux-gnu/10.3.0/../../../../aarch64-buildroot-linux-gnu/bin/
LIBRARY_PATH=/home/black/tspi/buildroot/output/rockchip_rk3566/host/lib/gcc/aarch64-buildroot-linux-gnu/10.3.0/:/home/black/tspi/buildroot/output/rockchip_rk3566/host/lib/gcc/aarch64-buildroot-linux-gnu/10.3.0/../../../../aarch64-buildroot-linux-gnu/lib/../lib64/:/home/black/tspi/buildroot/output/rockchip_rk3566/host/aarch64-buildroot-linux-gnu/sysroot/lib/../lib64/:/home/black/tspi/buildroot/output/rockchip_rk3566/host/aarch64-buildroot-linux-gnu/sysroot/usr/lib/../lib64/:/home/black/tspi/buildroot/output/rockchip_rk3566/host/lib/gcc/aarch64-buildroot-linux-gnu/10.3.0/../../../../aarch64-buildroot-linux-gnu/lib/:/home/black/tspi/buildroot/output/rockchip_rk3566/host/aarch64-buildroot-linux-gnu/sysroot/lib/:/home/black/tspi/buildroot/output/rockchip_rk3566/host/aarch64-buildroot-linux-gnu/sysroot/usr/lib/
COLLECT_GCC_OPTIONS='-v' '-o' 'CMakeFiles/cmTC_d5c23.dir/CMakeCCompilerABI.c.o' '-c' '-mcpu=cortex-a55' '-mlittle-endian' '-mabi=lp64'
Linking C executable cmTC_d5c23
/usr/bin/cmake -E cmake_link_script CMakeFiles/cmTC_d5c23.dir/link.txt --verbose=1
/home/black/tspi/buildroot/output/rockchip_rk3566/host/bin/aarch64-buildroot-linux-gnu-gcc  -v CMakeFiles/cmTC_d5c23.dir/CMakeCCompilerABI.c.o -o cmTC_d5c23 
Using built-in specs.
COLLECT_GCC=/home/black/tspi/buildroot/output/rockchip_rk3566/host/bin/aarch64-buildroot-linux-gnu-gcc.br_real
COLLECT_LTO_WRAPPER=/home/black/tspi/buildroot/output/rockchip_rk3566/host/libexec/gcc/aarch64-buildroot-linux-gnu/10.3.0/lto-wrapper
Target: aarch64-buildroot-linux-gnu
Configured with: ./configure --prefix=/home/black/tspi/buildroot/output/rockchip_rk3566/host --sysconfdir=/home/black/tspi/buildroot/output/rockchip_rk3566/host/etc --enable-static --target=aarch64-buildroot-linux-gnu --with-sysroot=/home/black/tspi/buildroot/output/rockchip_rk3566/host/aarch64-buildroot-linux-gnu/sysroot --enable-__cxa_atexit --with-gnu-ld --disable-libssp --disable-multilib --disable-decimal-float --with-gmp=/home/black/tspi/buildroot/output/rockchip_rk3566/host --with-mpc=/home/black/tspi/buildroot/output/rockchip_rk3566/host --with-mpfr=/home/black/tspi/buildroot/output/rockchip_rk3566/host --with-pkgversion='Buildroot 2018.02-rc3-00001-g4c7c9df6-dirty' --with-bugurl=http://bugs.buildroot.net/ --without-zstd --disable-libquadmath --disable-libquadmath-support --enable-tls --enable-threads --without-isl --without-cloog --with-abi=lp64 --with-cpu=cortex-a55 --enable-languages=c,c++ --with-build-time-tools=/home/black/tspi/buildroot/output/rockchip_rk3566/host/aarch64-buildroot-linux-gnu/bin --enable-shared --disable-libgomp
Thread model: posix
Supported LTO compression algorithms: zlib
gcc version 10.3.0 (Buildroot 2018.02-rc3-00001-g4c7c9df6-dirty) 
COMPILER_PATH=/home/black/tspi/buildroot/output/rockchip_rk3566/host/libexec/gcc/aarch64-buildroot-linux-gnu/10.3.0/:/home/black/tspi/buildroot/output/rockchip_rk3566/host/libexec/gcc/aarch64-buildroot-linux-gnu/10.3.0/:/home/black/tspi/buildroot/output/rockchip_rk3566/host/libexec/gcc/aarch64-buildroot-linux-gnu/:/home/black/tspi/buildroot/output/rockchip_rk3566/host/lib/gcc/aarch64-buildroot-linux-gnu/10.3.0/:/home/black/tspi/buildroot/output/rockchip_rk3566/host/lib/gcc/aarch64-buildroot-linux-gnu/:/home/black/tspi/buildroot/output/rockchip_rk3566/host/lib/gcc/aarch64-buildroot-linux-gnu/10.3.0/../../../../aarch64-buildroot-linux-gnu/bin/
LIBRARY_PATH=/home/black/tspi/buildroot/output/rockchip_rk3566/host/lib/gcc/aarch64-buildroot-linux-gnu/10.3.0/:/home/black/tspi/buildroot/output/rockchip_rk3566/host/lib/gcc/aarch64-buildroot-linux-gnu/10.3.0/../../../../aarch64-buildroot-linux-gnu/lib/../lib64/:/home/black/tspi/buildroot/output/rockchip_rk3566/host/aarch64-buildroot-linux-gnu/sysroot/lib/../lib64/:/home/black/tspi/buildroot/output/rockchip_rk3566/host/aarch64-buildroot-linux-gnu/sysroot/usr/lib/../lib64/:/home/black/tspi/buildroot/output/rockchip_rk3566/host/lib/gcc/aarch64-buildroot-linux-gnu/10.3.0/../../../../aarch64-buildroot-linux-gnu/lib/:/home/black/tspi/buildroot/output/rockchip_rk3566/host/aarch64-buildroot-linux-gnu/sysroot/lib/:/home/black/tspi/buildroot/output/rockchip_rk3566/host/aarch64-buildroot-linux-gnu/sysroot/usr/lib/
COLLECT_GCC_OPTIONS='-v' '-o' 'cmTC_d5c23' '-mcpu=cortex-a55' '-mlittle-endian' '-mabi=lp64'
 /home/black/tspi/buildroot/output/rockchip_rk3566/host/libexec/gcc/aarch64-buildroot-linux-gnu/10.3.0/collect2 -plugin /home/black/tspi/buildroot/output/rockchip_rk3566/host/libexec/gcc/aarch64-buildroot-linux-gnu/10.3.0/liblto_plugin.so -plugin-opt=/home/black/tspi/buildroot/output/rockchip_rk3566/host/libexec/gcc/aarch64-buildroot-linux-gnu/10.3.0/lto-wrapper -plugin-opt=-fresolution=/tmp/ccCOqQN6.res -plugin-opt=-pass-through=-lgcc -plugin-opt=-pass-through=-lgcc_s -plugin-opt=-pass-through=-lc -plugin-opt=-pass-through=-lgcc -plugin-opt=-pass-through=-lgcc_s --sysroot=/home/black/tspi/buildroot/output/rockchip_rk3566/host/aarch64-buildroot-linux-gnu/sysroot --eh-frame-hdr -dynamic-linker /lib/ld-linux-aarch64.so.1 -X -EL -maarch64linux -o cmTC_d5c23 /home/black/tspi/buildroot/output/rockchip_rk3566/host/aarch64-buildroot-linux-gnu/sysroot/usr/lib/../lib64/crt1.o /home/black/tspi/buildroot/output/rockchip_rk3566/host/aarch64-buildroot-linux-gnu/sysroot/usr/lib/../lib64/crti.o /home/black/tspi/buildroot/output/rockchip_rk3566/host/lib/gcc/aarch64-buildroot-linux-gnu/10.3.0/crtbegin.o -L/home/black/tspi/buildroot/output/rockchip_rk3566/host/lib/gcc/aarch64-buildroot-linux-gnu/10.3.0 -L/home/black/tspi/buildroot/output/rockchip_rk3566/host/lib/gcc/aarch64-buildroot-linux-gnu/10.3.0/../../../../aarch64-buildroot-linux-gnu/lib/../lib64 -L/home/black/tspi/buildroot/output/rockchip_rk3566/host/aarch64-buildroot-linux-gnu/sysroot/lib/../lib64 -L/home/black/tspi/buildroot/output/rockchip_rk3566/host/aarch64-buildroot-linux-gnu/sysroot/usr/lib/../lib64 -L/home/black/tspi/buildroot/output/rockchip_rk3566/host/lib/gcc/aarch64-buildroot-linux-gnu/10.3.0/../../../../aarch64-buildroot-linux-gnu/lib -L/home/black/tspi/buildroot/output/rockchip_rk3566/host/aarch64-buildroot-linux-gnu/sysroot/lib -L/home/black/tspi/buildroot/output/rockchip_rk3566/host/aarch64-buildroot-linux-gnu/sysroot/usr/lib CMakeFiles/cmTC_d5c23.dir/CMakeCCompilerABI.c.o -lgcc --push-state --as-needed -lgcc_s --pop-state -lc -lgcc --push-state --as-needed -lgcc_s --pop-state /home/black/tspi/buildroot/output/rockchip_rk3566/host/lib/gcc/aarch64-buildroot-linux-gnu/10.3.0/crtend.o /home/black/tspi/buildroot/output/rockchip_rk3566/host/aarch64-buildroot-linux-gnu/sysroot/usr/lib/../lib64/crtn.o
COLLECT_GCC_OPTIONS='-v' '-o' 'cmTC_d5c23' '-mcpu=cortex-a55' '-mlittle-endian' '-mabi=lp64'
gmake[1]: Leaving directory '/home/black/lvgl/lv_port_linux/buildarm/CMakeFiles/CMakeTmp'



Parsed C implicit include dir info from above output: rv=done
  found start of include info
  found start of implicit include info
    add: [/home/black/tspi/buildroot/output/rockchip_rk3566/host/lib/gcc/aarch64-buildroot-linux-gnu/10.3.0/include]
    add: [/home/black/tspi/buildroot/output/rockchip_rk3566/host/lib/gcc/aarch64-buildroot-linux-gnu/10.3.0/include-fixed]
    add: [/home/black/tspi/buildroot/output/rockchip_rk3566/host/lib/gcc/aarch64-buildroot-linux-gnu/10.3.0/../../../../aarch64-buildroot-linux-gnu/include]
    add: [/home/black/tspi/buildroot/output/rockchip_rk3566/host/aarch64-buildroot-linux-gnu/sysroot/usr/include]
  end of search list found
  collapse include dir [/home/black/tspi/buildroot/output/rockchip_rk3566/host/lib/gcc/aarch64-buildroot-linux-gnu/10.3.0/include] ==> [/home/black/tspi/buildroot/output/rockchip_rk3566/host/lib/gcc/aarch64-buildroot-linux-gnu/10.3.0/include]
  collapse include dir [/home/black/tspi/buildroot/output/rockchip_rk3566/host/lib/gcc/aarch64-buildroot-linux-gnu/10.3.0/include-fixed] ==> [/home/black/tspi/buildroot/output/rockchip_rk3566/host/lib/gcc/aarch64-buildroot-linux-gnu/10.3.0/include-fixed]
  collapse include dir [/home/black/tspi/buildroot/output/rockchip_rk3566/host/lib/gcc/aarch64-buildroot-linux-gnu/10.3.0/../../../../aarch64-buildroot-linux-gnu/include] ==> [/home/black/tspi/buildroot/output/rockchip_rk3566/host/aarch64-buildroot-linux-gnu/include]
  collapse include dir [/home/black/tspi/buildroot/output/rockchip_rk3566/host/aarch64-buildroot-linux-gnu/sysroot/usr/include] ==> [/home/black/tspi/buildroot/output/rockchip_rk3566/host/aarch64-buildroot-linux-gnu/sysroot/usr/include]
  implicit include dirs: [/home/black/tspi/buildroot/output/rockchip_rk3566/host/lib/gcc/aarch64-buildroot-linux-gnu/10.3.0/include;/home/black/tspi/buildroot/output/rockchip_rk3566/host/lib/gcc/aarch64-buildroot-linux-gnu/10.3.0/include-fixed;/home/black/tspi/buildroot/output/rockchip_rk3566/host/aarch64-buildroot-linux-gnu/include;/home/black/tspi/buildroot/output/rockchip_rk3566/host/aarch64-buildroot-linux-gnu/sysroot/usr/include]


Parsed C implicit link information from above output:
  link line regex: [^( *|.*[/\])(aarch64-buildroot-linux-gnu-ld|CMAKE_LINK_STARTFILE-NOTFOUND|([^/\]+-)?ld|collect2)[^/\]*( |$)]
  ignore line: [Change Dir: /home/black/lvgl/lv_port_linux/buildarm/CMakeFiles/CMakeTmp]
  ignore line: []
  ignore line: [Run Build Command(s):/usr/bin/gmake -f Makefile cmTC_d5c23/fast && /usr/bin/gmake  -f CMakeFiles/cmTC_d5c23.dir/build.make CMakeFiles/cmTC_d5c23.dir/build]
  ignore line: [gmake[1]: Entering directory '/home/black/lvgl/lv_port_linux/buildarm/CMakeFiles/CMakeTmp']
  ignore line: [Building C object CMakeFiles/cmTC_d5c23.dir/CMakeCCompilerABI.c.o]
  ignore line: [/home/black/tspi/buildroot/output/rockchip_rk3566/host/bin/aarch64-buildroot-linux-gnu-gcc   -v -o CMakeFiles/cmTC_d5c23.dir/CMakeCCompilerABI.c.o -c /usr/share/cmake-3.22/Modules/CMakeCCompilerABI.c]
  ignore line: [Using built-in specs.]
  ignore line: [COLLECT_GCC=/home/black/tspi/buildroot/output/rockchip_rk3566/host/bin/aarch64-buildroot-linux-gnu-gcc.br_real]
  ignore line: [Target: aarch64-buildroot-linux-gnu]
  ignore line: [Configured with: ./configure --prefix=/home/black/tspi/buildroot/output/rockchip_rk3566/host --sysconfdir=/home/black/tspi/buildroot/output/rockchip_rk3566/host/etc --enable-static --target=aarch64-buildroot-linux-gnu --with-sysroot=/home/black/tspi/buildroot/output/rockchip_rk3566/host/aarch64-buildroot-linux-gnu/sysroot --enable-__cxa_atexit --with-gnu-ld --disable-libssp --disable-multilib --disable-decimal-float --with-gmp=/home/black/tspi/buildroot/output/rockchip_rk3566/host --with-mpc=/home/black/tspi/buildroot/output/rockchip_rk3566/host --with-mpfr=/home/black/tspi/buildroot/output/rockchip_rk3566/host --with-pkgversion='Buildroot 2018.02-rc3-00001-g4c7c9df6-dirty' --with-bugurl=http://bugs.buildroot.net/ --without-zstd --disable-libquadmath --disable-libquadmath-support --enable-tls --enable-threads --without-isl --without-cloog --with-abi=lp64 --with-cpu=cortex-a55 --enable-languages=c,c++ --with-build-time-tools=/home/black/tspi/buildroot/output/rockchip_rk3566/host/aarch64-buildroot-linux-gnu/bin --enable-shared --disable-libgomp]
  ignore line: [Thread model: posix]
  ignore line: [Supported LTO compression algorithms: zlib]
  ignore line: [gcc version 10.3.0 (Buildroot 2018.02-rc3-00001-g4c7c9df6-dirty) ]
  ignore line: [COLLECT_GCC_OPTIONS='-v' '-o' 'CMakeFiles/cmTC_d5c23.dir/CMakeCCompilerABI.c.o' '-c' '-mcpu=cortex-a55' '-mlittle-endian' '-mabi=lp64']
  ignore line: [ /home/black/tspi/buildroot/output/rockchip_rk3566/host/libexec/gcc/aarch64-buildroot-linux-gnu/10.3.0/cc1 -quiet -v -isysroot /home/black/tspi/buildroot/output/rockchip_rk3566/host/aarch64-buildroot-linux-gnu/sysroot /usr/share/cmake-3.22/Modules/CMakeCCompilerABI.c -quiet -dumpbase CMakeCCompilerABI.c -mcpu=cortex-a55 -mlittle-endian -mabi=lp64 -auxbase-strip CMakeFiles/cmTC_d5c23.dir/CMakeCCompilerABI.c.o -version -o /tmp/cc8TgAzw.s]
  ignore line: [GNU C17 (Buildroot 2018.02-rc3-00001-g4c7c9df6-dirty) version 10.3.0 (aarch64-buildroot-linux-gnu)]
  ignore line: [	compiled by GNU C version 11.4.0  GMP version 6.1.2  MPFR version 3.1.6  MPC version 1.0.3  isl version none]
  ignore line: [GGC heuristics: --param ggc-min-expand=100 --param ggc-min-heapsize=131072]
  ignore line: [ignoring nonexistent directory "/home/black/tspi/buildroot/output/rockchip_rk3566/host/aarch64-buildroot-linux-gnu/sysroot/usr/local/include"]
  ignore line: [#include "..." search starts here:]
  ignore line: [#include <...> search starts here:]
  ignore line: [ /home/black/tspi/buildroot/output/rockchip_rk3566/host/lib/gcc/aarch64-buildroot-linux-gnu/10.3.0/include]
  ignore line: [ /home/black/tspi/buildroot/output/rockchip_rk3566/host/lib/gcc/aarch64-buildroot-linux-gnu/10.3.0/include-fixed]
  ignore line: [ /home/black/tspi/buildroot/output/rockchip_rk3566/host/lib/gcc/aarch64-buildroot-linux-gnu/10.3.0/../../../../aarch64-buildroot-linux-gnu/include]
  ignore line: [ /home/black/tspi/buildroot/output/rockchip_rk3566/host/aarch64-buildroot-linux-gnu/sysroot/usr/include]
  ignore line: [End of search list.]
  ignore line: [GNU C17 (Buildroot 2018.02-rc3-00001-g4c7c9df6-dirty) version 10.3.0 (aarch64-buildroot-linux-gnu)]
  ignore line: [	compiled by GNU C version 11.4.0  GMP version 6.1.2  MPFR version 3.1.6  MPC version 1.0.3  isl version none]
  ignore line: [GGC heuristics: --param ggc-min-expand=100 --param ggc-min-heapsize=131072]
  ignore line: [Compiler executable checksum: 1e122f36d24131410b588f7ffbef5864]
  ignore line: [COLLECT_GCC_OPTIONS='-v' '-o' 'CMakeFiles/cmTC_d5c23.dir/CMakeCCompilerABI.c.o' '-c' '-mcpu=cortex-a55' '-mlittle-endian' '-mabi=lp64']
  ignore line: [ /home/black/tspi/buildroot/output/rockchip_rk3566/host/lib/gcc/aarch64-buildroot-linux-gnu/10.3.0/../../../../aarch64-buildroot-linux-gnu/bin/as -v -EL -march=armv8.2-a+fp16+rcpc+dotprod -mabi=lp64 -o CMakeFiles/cmTC_d5c23.dir/CMakeCCompilerABI.c.o /tmp/cc8TgAzw.s]
  ignore line: [GNU assembler version 2.36.1 (aarch64-buildroot-linux-gnu) using BFD version (GNU Binutils) 2.36.1]
  ignore line: [COMPILER_PATH=/home/black/tspi/buildroot/output/rockchip_rk3566/host/libexec/gcc/aarch64-buildroot-linux-gnu/10.3.0/:/home/black/tspi/buildroot/output/rockchip_rk3566/host/libexec/gcc/aarch64-buildroot-linux-gnu/10.3.0/:/home/black/tspi/buildroot/output/rockchip_rk3566/host/libexec/gcc/aarch64-buildroot-linux-gnu/:/home/black/tspi/buildroot/output/rockchip_rk3566/host/lib/gcc/aarch64-buildroot-linux-gnu/10.3.0/:/home/black/tspi/buildroot/output/rockchip_rk3566/host/lib/gcc/aarch64-buildroot-linux-gnu/:/home/black/tspi/buildroot/output/rockchip_rk3566/host/lib/gcc/aarch64-buildroot-linux-gnu/10.3.0/../../../../aarch64-buildroot-linux-gnu/bin/]
  ignore line: [LIBRARY_PATH=/home/black/tspi/buildroot/output/rockchip_rk3566/host/lib/gcc/aarch64-buildroot-linux-gnu/10.3.0/:/home/black/tspi/buildroot/output/rockchip_rk3566/host/lib/gcc/aarch64-buildroot-linux-gnu/10.3.0/../../../../aarch64-buildroot-linux-gnu/lib/../lib64/:/home/black/tspi/buildroot/output/rockchip_rk3566/host/aarch64-buildroot-linux-gnu/sysroot/lib/../lib64/:/home/black/tspi/buildroot/output/rockchip_rk3566/host/aarch64-buildroot-linux-gnu/sysroot/usr/lib/../lib64/:/home/black/tspi/buildroot/output/rockchip_rk3566/host/lib/gcc/aarch64-buildroot-linux-gnu/10.3.0/../../../../aarch64-buildroot-linux-gnu/lib/:/home/black/tspi/buildroot/output/rockchip_rk3566/host/aarch64-buildroot-linux-gnu/sysroot/lib/:/home/black/tspi/buildroot/output/rockchip_rk3566/host/aarch64-buildroot-linux-gnu/sysroot/usr/lib/]
  ignore line: [COLLECT_GCC_OPTIONS='-v' '-o' 'CMakeFiles/cmTC_d5c23.dir/CMakeCCompilerABI.c.o' '-c' '-mcpu=cortex-a55' '-mlittle-endian' '-mabi=lp64']
  ignore line: [Linking C executable cmTC_d5c23]
  ignore line: [/usr/bin/cmake -E cmake_link_script CMakeFiles/cmTC_d5c23.dir/link.txt --verbose=1]
  ignore line: [/home/black/tspi/buildroot/output/rockchip_rk3566/host/bin/aarch64-buildroot-linux-gnu-gcc  -v CMakeFiles/cmTC_d5c23.dir/CMakeCCompilerABI.c.o -o cmTC_d5c23 ]
  ignore line: [Using built-in specs.]
  ignore line: [COLLECT_GCC=/home/black/tspi/buildroot/output/rockchip_rk3566/host/bin/aarch64-buildroot-linux-gnu-gcc.br_real]
  ignore line: [COLLECT_LTO_WRAPPER=/home/black/tspi/buildroot/output/rockchip_rk3566/host/libexec/gcc/aarch64-buildroot-linux-gnu/10.3.0/lto-wrapper]
  ignore line: [Target: aarch64-buildroot-linux-gnu]
  ignore line: [Configured with: ./configure --prefix=/home/black/tspi/buildroot/output/rockchip_rk3566/host --sysconfdir=/home/black/tspi/buildroot/output/rockchip_rk3566/host/etc --enable-static --target=aarch64-buildroot-linux-gnu --with-sysroot=/home/black/tspi/buildroot/output/rockchip_rk3566/host/aarch64-buildroot-linux-gnu/sysroot --enable-__cxa_atexit --with-gnu-ld --disable-libssp --disable-multilib --disable-decimal-float --with-gmp=/home/black/tspi/buildroot/output/rockchip_rk3566/host --with-mpc=/home/black/tspi/buildroot/output/rockchip_rk3566/host --with-mpfr=/home/black/tspi/buildroot/output/rockchip_rk3566/host --with-pkgversion='Buildroot 2018.02-rc3-00001-g4c7c9df6-dirty' --with-bugurl=http://bugs.buildroot.net/ --without-zstd --disable-libquadmath --disable-libquadmath-support --enable-tls --enable-threads --without-isl --without-cloog --with-abi=lp64 --with-cpu=cortex-a55 --enable-languages=c,c++ --with-build-time-tools=/home/black/tspi/buildroot/output/rockchip_rk3566/host/aarch64-buildroot-linux-gnu/bin --enable-shared --disable-libgomp]
  ignore line: [Thread model: posix]
  ignore line: [Supported LTO compression algorithms: zlib]
  ignore line: [gcc version 10.3.0 (Buildroot 2018.02-rc3-00001-g4c7c9df6-dirty) ]
  ignore line: [COMPILER_PATH=/home/black/tspi/buildroot/output/rockchip_rk3566/host/libexec/gcc/aarch64-buildroot-linux-gnu/10.3.0/:/home/black/tspi/buildroot/output/rockchip_rk3566/host/libexec/gcc/aarch64-buildroot-linux-gnu/10.3.0/:/home/black/tspi/buildroot/output/rockchip_rk3566/host/libexec/gcc/aarch64-buildroot-linux-gnu/:/home/black/tspi/buildroot/output/rockchip_rk3566/host/lib/gcc/aarch64-buildroot-linux-gnu/10.3.0/:/home/black/tspi/buildroot/output/rockchip_rk3566/host/lib/gcc/aarch64-buildroot-linux-gnu/:/home/black/tspi/buildroot/output/rockchip_rk3566/host/lib/gcc/aarch64-buildroot-linux-gnu/10.3.0/../../../../aarch64-buildroot-linux-gnu/bin/]
  ignore line: [LIBRARY_PATH=/home/black/tspi/buildroot/output/rockchip_rk3566/host/lib/gcc/aarch64-buildroot-linux-gnu/10.3.0/:/home/black/tspi/buildroot/output/rockchip_rk3566/host/lib/gcc/aarch64-buildroot-linux-gnu/10.3.0/../../../../aarch64-buildroot-linux-gnu/lib/../lib64/:/home/black/tspi/buildroot/output/rockchip_rk3566/host/aarch64-buildroot-linux-gnu/sysroot/lib/../lib64/:/home/black/tspi/buildroot/output/rockchip_rk3566/host/aarch64-buildroot-linux-gnu/sysroot/usr/lib/../lib64/:/home/black/tspi/buildroot/output/rockchip_rk3566/host/lib/gcc/aarch64-buildroot-linux-gnu/10.3.0/../../../../aarch64-buildroot-linux-gnu/lib/:/home/black/tspi/buildroot/output/rockchip_rk3566/host/aarch64-buildroot-linux-gnu/sysroot/lib/:/home/black/tspi/buildroot/output/rockchip_rk3566/host/aarch64-buildroot-linux-gnu/sysroot/usr/lib/]
  ignore line: [COLLECT_GCC_OPTIONS='-v' '-o' 'cmTC_d5c23' '-mcpu=cortex-a55' '-mlittle-endian' '-mabi=lp64']
  link line: [ /home/black/tspi/buildroot/output/rockchip_rk3566/host/libexec/gcc/aarch64-buildroot-linux-gnu/10.3.0/collect2 -plugin /home/black/tspi/buildroot/output/rockchip_rk3566/host/libexec/gcc/aarch64-buildroot-linux-gnu/10.3.0/liblto_plugin.so -plugin-opt=/home/black/tspi/buildroot/output/rockchip_rk3566/host/libexec/gcc/aarch64-buildroot-linux-gnu/10.3.0/lto-wrapper -plugin-opt=-fresolution=/tmp/ccCOqQN6.res -plugin-opt=-pass-through=-lgcc -plugin-opt=-pass-through=-lgcc_s -plugin-opt=-pass-through=-lc -plugin-opt=-pass-through=-lgcc -plugin-opt=-pass-through=-lgcc_s --sysroot=/home/black/tspi/buildroot/output/rockchip_rk3566/host/aarch64-buildroot-linux-gnu/sysroot --eh-frame-hdr -dynamic-linker /lib/ld-linux-aarch64.so.1 -X -EL -maarch64linux -o cmTC_d5c23 /home/black/tspi/buildroot/output/rockchip_rk3566/host/aarch64-buildroot-linux-gnu/sysroot/usr/lib/../lib64/crt1.o /home/black/tspi/buildroot/output/rockchip_rk3566/host/aarch64-buildroot-linux-gnu/sysroot/usr/lib/../lib64/crti.o /home/black/tspi/buildroot/output/rockchip_rk3566/host/lib/gcc/aarch64-buildroot-linux-gnu/10.3.0/crtbegin.o -L/home/black/tspi/buildroot/output/rockchip_rk3566/host/lib/gcc/aarch64-buildroot-linux-gnu/10.3.0 -L/home/black/tspi/buildroot/output/rockchip_rk3566/host/lib/gcc/aarch64-buildroot-linux-gnu/10.3.0/../../../../aarch64-buildroot-linux-gnu/lib/../lib64 -L/home/black/tspi/buildroot/output/rockchip_rk3566/host/aarch64-buildroot-linux-gnu/sysroot/lib/../lib64 -L/home/black/tspi/buildroot/output/rockchip_rk3566/host/aarch64-buildroot-linux-gnu/sysroot/usr/lib/../lib64 -L/home/black/tspi/buildroot/output/rockchip_rk3566/host/lib/gcc/aarch64-buildroot-linux-gnu/10.3.0/../../../../aarch64-buildroot-linux-gnu/lib -L/home/black/tspi/buildroot/output/rockchip_rk3566/host/aarch64-buildroot-linux-gnu/sysroot/lib -L/home/black/tspi/buildroot/output/rockchip_rk3566/host/aarch64-buildroot-linux-gnu/sysroot/usr/lib CMakeFiles/cmTC_d5c23.dir/CMakeCCompilerABI.c.o -lgcc --push-state --as-needed -lgcc_s --pop-state -lc -lgcc --push-state --as-needed -lgcc_s --pop-state /home/black/tspi/buildroot/output/rockchip_rk3566/host/lib/gcc/aarch64-buildroot-linux-gnu/10.3.0/crtend.o /home/black/tspi/buildroot/output/rockchip_rk3566/host/aarch64-buildroot-linux-gnu/sysroot/usr/lib/../lib64/crtn.o]
    arg [/home/black/tspi/buildroot/output/rockchip_rk3566/host/libexec/gcc/aarch64-buildroot-linux-gnu/10.3.0/collect2] ==> ignore
    arg [-plugin] ==> ignore
    arg [/home/black/tspi/buildroot/output/rockchip_rk3566/host/libexec/gcc/aarch64-buildroot-linux-gnu/10.3.0/liblto_plugin.so] ==> ignore
    arg [-plugin-opt=/home/black/tspi/buildroot/output/rockchip_rk3566/host/libexec/gcc/aarch64-buildroot-linux-gnu/10.3.0/lto-wrapper] ==> ignore
    arg [-plugin-opt=-fresolution=/tmp/ccCOqQN6.res] ==> ignore
    arg [-plugin-opt=-pass-through=-lgcc] ==> ignore
    arg [-plugin-opt=-pass-through=-lgcc_s] ==> ignore
    arg [-plugin-opt=-pass-through=-lc] ==> ignore
    arg [-plugin-opt=-pass-through=-lgcc] ==> ignore
    arg [-plugin-opt=-pass-through=-lgcc_s] ==> ignore
    arg [--sysroot=/home/black/tspi/buildroot/output/rockchip_rk3566/host/aarch64-buildroot-linux-gnu/sysroot] ==> ignore
    arg [--eh-frame-hdr] ==> ignore
    arg [-dynamic-linker] ==> ignore
    arg [/lib/ld-linux-aarch64.so.1] ==> ignore
    arg [-X] ==> ignore
    arg [-EL] ==> ignore
    arg [-maarch64linux] ==> ignore
    arg [-o] ==> ignore
    arg [cmTC_d5c23] ==> ignore
    arg [/home/black/tspi/buildroot/output/rockchip_rk3566/host/aarch64-buildroot-linux-gnu/sysroot/usr/lib/../lib64/crt1.o] ==> obj [/home/black/tspi/buildroot/output/rockchip_rk3566/host/aarch64-buildroot-linux-gnu/sysroot/usr/lib/../lib64/crt1.o]
    arg [/home/black/tspi/buildroot/output/rockchip_rk3566/host/aarch64-buildroot-linux-gnu/sysroot/usr/lib/../lib64/crti.o] ==> obj [/home/black/tspi/buildroot/output/rockchip_rk3566/host/aarch64-buildroot-linux-gnu/sysroot/usr/lib/../lib64/crti.o]
    arg [/home/black/tspi/buildroot/output/rockchip_rk3566/host/lib/gcc/aarch64-buildroot-linux-gnu/10.3.0/crtbegin.o] ==> obj [/home/black/tspi/buildroot/output/rockchip_rk3566/host/lib/gcc/aarch64-buildroot-linux-gnu/10.3.0/crtbegin.o]
    arg [-L/home/black/tspi/buildroot/output/rockchip_rk3566/host/lib/gcc/aarch64-buildroot-linux-gnu/10.3.0] ==> dir [/home/black/tspi/buildroot/output/rockchip_rk3566/host/lib/gcc/aarch64-buildroot-linux-gnu/10.3.0]
    arg [-L/home/black/tspi/buildroot/output/rockchip_rk3566/host/lib/gcc/aarch64-buildroot-linux-gnu/10.3.0/../../../../aarch64-buildroot-linux-gnu/lib/../lib64] ==> dir [/home/black/tspi/buildroot/output/rockchip_rk3566/host/lib/gcc/aarch64-buildroot-linux-gnu/10.3.0/../../../../aarch64-buildroot-linux-gnu/lib/../lib64]
    arg [-L/home/black/tspi/buildroot/output/rockchip_rk3566/host/aarch64-buildroot-linux-gnu/sysroot/lib/../lib64] ==> dir [/home/black/tspi/buildroot/output/rockchip_rk3566/host/aarch64-buildroot-linux-gnu/sysroot/lib/../lib64]
    arg [-L/home/black/tspi/buildroot/output/rockchip_rk3566/host/aarch64-buildroot-linux-gnu/sysroot/usr/lib/../lib64] ==> dir [/home/black/tspi/buildroot/output/rockchip_rk3566/host/aarch64-buildroot-linux-gnu/sysroot/usr/lib/../lib64]
    arg [-L/home/black/tspi/buildroot/output/rockchip_rk3566/host/lib/gcc/aarch64-buildroot-linux-gnu/10.3.0/../../../../aarch64-buildroot-linux-gnu/lib] ==> dir [/home/black/tspi/buildroot/output/rockchip_rk3566/host/lib/gcc/aarch64-buildroot-linux-gnu/10.3.0/../../../../aarch64-buildroot-linux-gnu/lib]
    arg [-L/home/black/tspi/buildroot/output/rockchip_rk3566/host/aarch64-buildroot-linux-gnu/sysroot/lib] ==> dir [/home/black/tspi/buildroot/output/rockchip_rk3566/host/aarch64-buildroot-linux-gnu/sysroot/lib]
    arg [-L/home/black/tspi/buildroot/output/rockchip_rk3566/host/aarch64-buildroot-linux-gnu/sysroot/usr/lib] ==> dir [/home/black/tspi/buildroot/output/rockchip_rk3566/host/aarch64-buildroot-linux-gnu/sysroot/usr/lib]
    arg [CMakeFiles/cmTC_d5c23.dir/CMakeCCompilerABI.c.o] ==> ignore
    arg [-lgcc] ==> lib [gcc]
    arg [--push-state] ==> ignore
    arg [--as-needed] ==> ignore
    arg [-lgcc_s] ==> lib [gcc_s]
    arg [--pop-state] ==> ignore
    arg [-lc] ==> lib [c]
    arg [-lgcc] ==> lib [gcc]
    arg [--push-state] ==> ignore
    arg [--as-needed] ==> ignore
    arg [-lgcc_s] ==> lib [gcc_s]
    arg [--pop-state] ==> ignore
    arg [/home/black/tspi/buildroot/output/rockchip_rk3566/host/lib/gcc/aarch64-buildroot-linux-gnu/10.3.0/crtend.o] ==> obj [/home/black/tspi/buildroot/output/rockchip_rk3566/host/lib/gcc/aarch64-buildroot-linux-gnu/10.3.0/crtend.o]
    arg [/home/black/tspi/buildroot/output/rockchip_rk3566/host/aarch64-buildroot-linux-gnu/sysroot/usr/lib/../lib64/crtn.o] ==> obj [/home/black/tspi/buildroot/output/rockchip_rk3566/host/aarch64-buildroot-linux-gnu/sysroot/usr/lib/../lib64/crtn.o]
  collapse obj [/home/black/tspi/buildroot/output/rockchip_rk3566/host/aarch64-buildroot-linux-gnu/sysroot/usr/lib/../lib64/crt1.o] ==> [/home/black/tspi/buildroot/output/rockchip_rk3566/host/aarch64-buildroot-linux-gnu/sysroot/usr/lib64/crt1.o]
  collapse obj [/home/black/tspi/buildroot/output/rockchip_rk3566/host/aarch64-buildroot-linux-gnu/sysroot/usr/lib/../lib64/crti.o] ==> [/home/black/tspi/buildroot/output/rockchip_rk3566/host/aarch64-buildroot-linux-gnu/sysroot/usr/lib64/crti.o]
  collapse obj [/home/black/tspi/buildroot/output/rockchip_rk3566/host/aarch64-buildroot-linux-gnu/sysroot/usr/lib/../lib64/crtn.o] ==> [/home/black/tspi/buildroot/output/rockchip_rk3566/host/aarch64-buildroot-linux-gnu/sysroot/usr/lib64/crtn.o]
  collapse library dir [/home/black/tspi/buildroot/output/rockchip_rk3566/host/lib/gcc/aarch64-buildroot-linux-gnu/10.3.0] ==> [/home/black/tspi/buildroot/output/rockchip_rk3566/host/lib/gcc/aarch64-buildroot-linux-gnu/10.3.0]
  collapse library dir [/home/black/tspi/buildroot/output/rockchip_rk3566/host/lib/gcc/aarch64-buildroot-linux-gnu/10.3.0/../../../../aarch64-buildroot-linux-gnu/lib/../lib64] ==> [/home/black/tspi/buildroot/output/rockchip_rk3566/host/aarch64-buildroot-linux-gnu/lib64]
  collapse library dir [/home/black/tspi/buildroot/output/rockchip_rk3566/host/aarch64-buildroot-linux-gnu/sysroot/lib/../lib64] ==> [/home/black/tspi/buildroot/output/rockchip_rk3566/host/aarch64-buildroot-linux-gnu/sysroot/lib64]
  collapse library dir [/home/black/tspi/buildroot/output/rockchip_rk3566/host/aarch64-buildroot-linux-gnu/sysroot/usr/lib/../lib64] ==> [/home/black/tspi/buildroot/output/rockchip_rk3566/host/aarch64-buildroot-linux-gnu/sysroot/usr/lib64]
  collapse library dir [/home/black/tspi/buildroot/output/rockchip_rk3566/host/lib/gcc/aarch64-buildroot-linux-gnu/10.3.0/../../../../aarch64-buildroot-linux-gnu/lib] ==> [/home/black/tspi/buildroot/output/rockchip_rk3566/host/aarch64-buildroot-linux-gnu/lib]
  collapse library dir [/home/black/tspi/buildroot/output/rockchip_rk3566/host/aarch64-buildroot-linux-gnu/sysroot/lib] ==> [/home/black/tspi/buildroot/output/rockchip_rk3566/host/aarch64-buildroot-linux-gnu/sysroot/lib]
  collapse library dir [/home/black/tspi/buildroot/output/rockchip_rk3566/host/aarch64-buildroot-linux-gnu/sysroot/usr/lib] ==> [/home/black/tspi/buildroot/output/rockchip_rk3566/host/aarch64-buildroot-linux-gnu/sysroot/usr/lib]
  implicit libs: [gcc;gcc_s;c;gcc;gcc_s]
  implicit objs: [/home/black/tspi/buildroot/output/rockchip_rk3566/host/aarch64-buildroot-linux-gnu/sysroot/usr/lib64/crt1.o;/home/black/tspi/buildroot/output/rockchip_rk3566/host/aarch64-buildroot-linux-gnu/sysroot/usr/lib64/crti.o;/home/black/tspi/buildroot/output/rockchip_rk3566/host/lib/gcc/aarch64-buildroot-linux-gnu/10.3.0/crtbegin.o;/home/black/tspi/buildroot/output/rockchip_rk3566/host/lib/gcc/aarch64-buildroot-linux-gnu/10.3.0/crtend.o;/home/black/tspi/buildroot/output/rockchip_rk3566/host/aarch64-buildroot-linux-gnu/sysroot/usr/lib64/crtn.o]
  implicit dirs: [/home/black/tspi/buildroot/output/rockchip_rk3566/host/lib/gcc/aarch64-buildroot-linux-gnu/10.3.0;/home/black/tspi/buildroot/output/rockchip_rk3566/host/aarch64-buildroot-linux-gnu/lib64;/home/black/tspi/buildroot/output/rockchip_rk3566/host/aarch64-buildroot-linux-gnu/sysroot/lib64;/home/black/tspi/buildroot/output/rockchip_rk3566/host/aarch64-buildroot-linux-gnu/sysroot/usr/lib64;/home/black/tspi/buildroot/output/rockchip_rk3566/host/aarch64-buildroot-linux-gnu/lib;/home/black/tspi/buildroot/output/rockchip_rk3566/host/aarch64-buildroot-linux-gnu/sysroot/lib;/home/black/tspi/buildroot/output/rockchip_rk3566/host/aarch64-buildroot-linux-gnu/sysroot/usr/lib]
  implicit fwks: []


Detecting CXX compiler ABI info compiled with the following output:
Change Dir: /home/black/lvgl/lv_port_linux/buildarm/CMakeFiles/CMakeTmp

Run Build Command(s):/usr/bin/gmake -f Makefile cmTC_758d3/fast && /usr/bin/gmake  -f CMakeFiles/cmTC_758d3.dir/build.make CMakeFiles/cmTC_758d3.dir/build
gmake[1]: Entering directory '/home/black/lvgl/lv_port_linux/buildarm/CMakeFiles/CMakeTmp'
Building CXX object CMakeFiles/cmTC_758d3.dir/CMakeCXXCompilerABI.cpp.o
/home/black/tspi/buildroot/output/rockchip_rk3566/host/bin/aarch64-buildroot-linux-gnu-g++   -v -o CMakeFiles/cmTC_758d3.dir/CMakeCXXCompilerABI.cpp.o -c /usr/share/cmake-3.22/Modules/CMakeCXXCompilerABI.cpp
Using built-in specs.
COLLECT_GCC=/home/black/tspi/buildroot/output/rockchip_rk3566/host/bin/aarch64-buildroot-linux-gnu-g++.br_real
Target: aarch64-buildroot-linux-gnu
Configured with: ./configure --prefix=/home/black/tspi/buildroot/output/rockchip_rk3566/host --sysconfdir=/home/black/tspi/buildroot/output/rockchip_rk3566/host/etc --enable-static --target=aarch64-buildroot-linux-gnu --with-sysroot=/home/black/tspi/buildroot/output/rockchip_rk3566/host/aarch64-buildroot-linux-gnu/sysroot --enable-__cxa_atexit --with-gnu-ld --disable-libssp --disable-multilib --disable-decimal-float --with-gmp=/home/black/tspi/buildroot/output/rockchip_rk3566/host --with-mpc=/home/black/tspi/buildroot/output/rockchip_rk3566/host --with-mpfr=/home/black/tspi/buildroot/output/rockchip_rk3566/host --with-pkgversion='Buildroot 2018.02-rc3-00001-g4c7c9df6-dirty' --with-bugurl=http://bugs.buildroot.net/ --without-zstd --disable-libquadmath --disable-libquadmath-support --enable-tls --enable-threads --without-isl --without-cloog --with-abi=lp64 --with-cpu=cortex-a55 --enable-languages=c,c++ --with-build-time-tools=/home/black/tspi/buildroot/output/rockchip_rk3566/host/aarch64-buildroot-linux-gnu/bin --enable-shared --disable-libgomp
Thread model: posix
Supported LTO compression algorithms: zlib
gcc version 10.3.0 (Buildroot 2018.02-rc3-00001-g4c7c9df6-dirty) 
COLLECT_GCC_OPTIONS='-v' '-o' 'CMakeFiles/cmTC_758d3.dir/CMakeCXXCompilerABI.cpp.o' '-c' '-shared-libgcc' '-mcpu=cortex-a55' '-mlittle-endian' '-mabi=lp64'
 /home/black/tspi/buildroot/output/rockchip_rk3566/host/libexec/gcc/aarch64-buildroot-linux-gnu/10.3.0/cc1plus -quiet -v -isysroot /home/black/tspi/buildroot/output/rockchip_rk3566/host/aarch64-buildroot-linux-gnu/sysroot -D_GNU_SOURCE /usr/share/cmake-3.22/Modules/CMakeCXXCompilerABI.cpp -quiet -dumpbase CMakeCXXCompilerABI.cpp -mcpu=cortex-a55 -mlittle-endian -mabi=lp64 -auxbase-strip CMakeFiles/cmTC_758d3.dir/CMakeCXXCompilerABI.cpp.o -version -o /tmp/ccolWT8i.s
GNU C++14 (Buildroot 2018.02-rc3-00001-g4c7c9df6-dirty) version 10.3.0 (aarch64-buildroot-linux-gnu)
	compiled by GNU C version 11.4.0, GMP version 6.1.2, MPFR version 3.1.6, MPC version 1.0.3, isl version none
GGC heuristics: --param ggc-min-expand=100 --param ggc-min-heapsize=131072
ignoring nonexistent directory "/home/black/tspi/buildroot/output/rockchip_rk3566/host/aarch64-buildroot-linux-gnu/sysroot/usr/local/include"
#include "..." search starts here:
#include <...> search starts here:
 /home/black/tspi/buildroot/output/rockchip_rk3566/host/lib/gcc/aarch64-buildroot-linux-gnu/10.3.0/../../../../aarch64-buildroot-linux-gnu/include/c++/10.3.0
 /home/black/tspi/buildroot/output/rockchip_rk3566/host/lib/gcc/aarch64-buildroot-linux-gnu/10.3.0/../../../../aarch64-buildroot-linux-gnu/include/c++/10.3.0/aarch64-buildroot-linux-gnu
 /home/black/tspi/buildroot/output/rockchip_rk3566/host/lib/gcc/aarch64-buildroot-linux-gnu/10.3.0/../../../../aarch64-buildroot-linux-gnu/include/c++/10.3.0/backward
 /home/black/tspi/buildroot/output/rockchip_rk3566/host/lib/gcc/aarch64-buildroot-linux-gnu/10.3.0/include
 /home/black/tspi/buildroot/output/rockchip_rk3566/host/lib/gcc/aarch64-buildroot-linux-gnu/10.3.0/include-fixed
 /home/black/tspi/buildroot/output/rockchip_rk3566/host/lib/gcc/aarch64-buildroot-linux-gnu/10.3.0/../../../../aarch64-buildroot-linux-gnu/include
 /home/black/tspi/buildroot/output/rockchip_rk3566/host/aarch64-buildroot-linux-gnu/sysroot/usr/include
End of search list.
GNU C++14 (Buildroot 2018.02-rc3-00001-g4c7c9df6-dirty) version 10.3.0 (aarch64-buildroot-linux-gnu)
	compiled by GNU C version 11.4.0, GMP version 6.1.2, MPFR version 3.1.6, MPC version 1.0.3, isl version none
GGC heuristics: --param ggc-min-expand=100 --param ggc-min-heapsize=131072
Compiler executable checksum: f51b963e53a04d6aac052f678872880e
COLLECT_GCC_OPTIONS='-v' '-o' 'CMakeFiles/cmTC_758d3.dir/CMakeCXXCompilerABI.cpp.o' '-c' '-shared-libgcc' '-mcpu=cortex-a55' '-mlittle-endian' '-mabi=lp64'
 /home/black/tspi/buildroot/output/rockchip_rk3566/host/lib/gcc/aarch64-buildroot-linux-gnu/10.3.0/../../../../aarch64-buildroot-linux-gnu/bin/as -v -EL -march=armv8.2-a+fp16+rcpc+dotprod -mabi=lp64 -o CMakeFiles/cmTC_758d3.dir/CMakeCXXCompilerABI.cpp.o /tmp/ccolWT8i.s
GNU assembler version 2.36.1 (aarch64-buildroot-linux-gnu) using BFD version (GNU Binutils) 2.36.1
COMPILER_PATH=/home/black/tspi/buildroot/output/rockchip_rk3566/host/libexec/gcc/aarch64-buildroot-linux-gnu/10.3.0/:/home/black/tspi/buildroot/output/rockchip_rk3566/host/libexec/gcc/aarch64-buildroot-linux-gnu/10.3.0/:/home/black/tspi/buildroot/output/rockchip_rk3566/host/libexec/gcc/aarch64-buildroot-linux-gnu/:/home/black/tspi/buildroot/output/rockchip_rk3566/host/lib/gcc/aarch64-buildroot-linux-gnu/10.3.0/:/home/black/tspi/buildroot/output/rockchip_rk3566/host/lib/gcc/aarch64-buildroot-linux-gnu/:/home/black/tspi/buildroot/output/rockchip_rk3566/host/lib/gcc/aarch64-buildroot-linux-gnu/10.3.0/../../../../aarch64-buildroot-linux-gnu/bin/
LIBRARY_PATH=/home/black/tspi/buildroot/output/rockchip_rk3566/host/lib/gcc/aarch64-buildroot-linux-gnu/10.3.0/:/home/black/tspi/buildroot/output/rockchip_rk3566/host/lib/gcc/aarch64-buildroot-linux-gnu/10.3.0/../../../../aarch64-buildroot-linux-gnu/lib/../lib64/:/home/black/tspi/buildroot/output/rockchip_rk3566/host/aarch64-buildroot-linux-gnu/sysroot/lib/../lib64/:/home/black/tspi/buildroot/output/rockchip_rk3566/host/aarch64-buildroot-linux-gnu/sysroot/usr/lib/../lib64/:/home/black/tspi/buildroot/output/rockchip_rk3566/host/lib/gcc/aarch64-buildroot-linux-gnu/10.3.0/../../../../aarch64-buildroot-linux-gnu/lib/:/home/black/tspi/buildroot/output/rockchip_rk3566/host/aarch64-buildroot-linux-gnu/sysroot/lib/:/home/black/tspi/buildroot/output/rockchip_rk3566/host/aarch64-buildroot-linux-gnu/sysroot/usr/lib/
COLLECT_GCC_OPTIONS='-v' '-o' 'CMakeFiles/cmTC_758d3.dir/CMakeCXXCompilerABI.cpp.o' '-c' '-shared-libgcc' '-mcpu=cortex-a55' '-mlittle-endian' '-mabi=lp64'
Linking CXX executable cmTC_758d3
/usr/bin/cmake -E cmake_link_script CMakeFiles/cmTC_758d3.dir/link.txt --verbose=1
/home/black/tspi/buildroot/output/rockchip_rk3566/host/bin/aarch64-buildroot-linux-gnu-g++  -v CMakeFiles/cmTC_758d3.dir/CMakeCXXCompilerABI.cpp.o -o cmTC_758d3 
Using built-in specs.
COLLECT_GCC=/home/black/tspi/buildroot/output/rockchip_rk3566/host/bin/aarch64-buildroot-linux-gnu-g++.br_real
COLLECT_LTO_WRAPPER=/home/black/tspi/buildroot/output/rockchip_rk3566/host/libexec/gcc/aarch64-buildroot-linux-gnu/10.3.0/lto-wrapper
Target: aarch64-buildroot-linux-gnu
Configured with: ./configure --prefix=/home/black/tspi/buildroot/output/rockchip_rk3566/host --sysconfdir=/home/black/tspi/buildroot/output/rockchip_rk3566/host/etc --enable-static --target=aarch64-buildroot-linux-gnu --with-sysroot=/home/black/tspi/buildroot/output/rockchip_rk3566/host/aarch64-buildroot-linux-gnu/sysroot --enable-__cxa_atexit --with-gnu-ld --disable-libssp --disable-multilib --disable-decimal-float --with-gmp=/home/black/tspi/buildroot/output/rockchip_rk3566/host --with-mpc=/home/black/tspi/buildroot/output/rockchip_rk3566/host --with-mpfr=/home/black/tspi/buildroot/output/rockchip_rk3566/host --with-pkgversion='Buildroot 2018.02-rc3-00001-g4c7c9df6-dirty' --with-bugurl=http://bugs.buildroot.net/ --without-zstd --disable-libquadmath --disable-libquadmath-support --enable-tls --enable-threads --without-isl --without-cloog --with-abi=lp64 --with-cpu=cortex-a55 --enable-languages=c,c++ --with-build-time-tools=/home/black/tspi/buildroot/output/rockchip_rk3566/host/aarch64-buildroot-linux-gnu/bin --enable-shared --disable-libgomp
Thread model: posix
Supported LTO compression algorithms: zlib
gcc version 10.3.0 (Buildroot 2018.02-rc3-00001-g4c7c9df6-dirty) 
COMPILER_PATH=/home/black/tspi/buildroot/output/rockchip_rk3566/host/libexec/gcc/aarch64-buildroot-linux-gnu/10.3.0/:/home/black/tspi/buildroot/output/rockchip_rk3566/host/libexec/gcc/aarch64-buildroot-linux-gnu/10.3.0/:/home/black/tspi/buildroot/output/rockchip_rk3566/host/libexec/gcc/aarch64-buildroot-linux-gnu/:/home/black/tspi/buildroot/output/rockchip_rk3566/host/lib/gcc/aarch64-buildroot-linux-gnu/10.3.0/:/home/black/tspi/buildroot/output/rockchip_rk3566/host/lib/gcc/aarch64-buildroot-linux-gnu/:/home/black/tspi/buildroot/output/rockchip_rk3566/host/lib/gcc/aarch64-buildroot-linux-gnu/10.3.0/../../../../aarch64-buildroot-linux-gnu/bin/
LIBRARY_PATH=/home/black/tspi/buildroot/output/rockchip_rk3566/host/lib/gcc/aarch64-buildroot-linux-gnu/10.3.0/:/home/black/tspi/buildroot/output/rockchip_rk3566/host/lib/gcc/aarch64-buildroot-linux-gnu/10.3.0/../../../../aarch64-buildroot-linux-gnu/lib/../lib64/:/home/black/tspi/buildroot/output/rockchip_rk3566/host/aarch64-buildroot-linux-gnu/sysroot/lib/../lib64/:/home/black/tspi/buildroot/output/rockchip_rk3566/host/aarch64-buildroot-linux-gnu/sysroot/usr/lib/../lib64/:/home/black/tspi/buildroot/output/rockchip_rk3566/host/lib/gcc/aarch64-buildroot-linux-gnu/10.3.0/../../../../aarch64-buildroot-linux-gnu/lib/:/home/black/tspi/buildroot/output/rockchip_rk3566/host/aarch64-buildroot-linux-gnu/sysroot/lib/:/home/black/tspi/buildroot/output/rockchip_rk3566/host/aarch64-buildroot-linux-gnu/sysroot/usr/lib/
COLLECT_GCC_OPTIONS='-v' '-o' 'cmTC_758d3' '-shared-libgcc' '-mcpu=cortex-a55' '-mlittle-endian' '-mabi=lp64'
 /home/black/tspi/buildroot/output/rockchip_rk3566/host/libexec/gcc/aarch64-buildroot-linux-gnu/10.3.0/collect2 -plugin /home/black/tspi/buildroot/output/rockchip_rk3566/host/libexec/gcc/aarch64-buildroot-linux-gnu/10.3.0/liblto_plugin.so -plugin-opt=/home/black/tspi/buildroot/output/rockchip_rk3566/host/libexec/gcc/aarch64-buildroot-linux-gnu/10.3.0/lto-wrapper -plugin-opt=-fresolution=/tmp/ccKF9mW5.res -plugin-opt=-pass-through=-lgcc_s -plugin-opt=-pass-through=-lgcc -plugin-opt=-pass-through=-lc -plugin-opt=-pass-through=-lgcc_s -plugin-opt=-pass-through=-lgcc --sysroot=/home/black/tspi/buildroot/output/rockchip_rk3566/host/aarch64-buildroot-linux-gnu/sysroot --eh-frame-hdr -dynamic-linker /lib/ld-linux-aarch64.so.1 -X -EL -maarch64linux -o cmTC_758d3 /home/black/tspi/buildroot/output/rockchip_rk3566/host/aarch64-buildroot-linux-gnu/sysroot/usr/lib/../lib64/crt1.o /home/black/tspi/buildroot/output/rockchip_rk3566/host/aarch64-buildroot-linux-gnu/sysroot/usr/lib/../lib64/crti.o /home/black/tspi/buildroot/output/rockchip_rk3566/host/lib/gcc/aarch64-buildroot-linux-gnu/10.3.0/crtbegin.o -L/home/black/tspi/buildroot/output/rockchip_rk3566/host/lib/gcc/aarch64-buildroot-linux-gnu/10.3.0 -L/home/black/tspi/buildroot/output/rockchip_rk3566/host/lib/gcc/aarch64-buildroot-linux-gnu/10.3.0/../../../../aarch64-buildroot-linux-gnu/lib/../lib64 -L/home/black/tspi/buildroot/output/rockchip_rk3566/host/aarch64-buildroot-linux-gnu/sysroot/lib/../lib64 -L/home/black/tspi/buildroot/output/rockchip_rk3566/host/aarch64-buildroot-linux-gnu/sysroot/usr/lib/../lib64 -L/home/black/tspi/buildroot/output/rockchip_rk3566/host/lib/gcc/aarch64-buildroot-linux-gnu/10.3.0/../../../../aarch64-buildroot-linux-gnu/lib -L/home/black/tspi/buildroot/output/rockchip_rk3566/host/aarch64-buildroot-linux-gnu/sysroot/lib -L/home/black/tspi/buildroot/output/rockchip_rk3566/host/aarch64-buildroot-linux-gnu/sysroot/usr/lib CMakeFiles/cmTC_758d3.dir/CMakeCXXCompilerABI.cpp.o -lstdc++ -lm -lgcc_s -lgcc -lc -lgcc_s -lgcc /home/black/tspi/buildroot/output/rockchip_rk3566/host/lib/gcc/aarch64-buildroot-linux-gnu/10.3.0/crtend.o /home/black/tspi/buildroot/output/rockchip_rk3566/host/aarch64-buildroot-linux-gnu/sysroot/usr/lib/../lib64/crtn.o
COLLECT_GCC_OPTIONS='-v' '-o' 'cmTC_758d3' '-shared-libgcc' '-mcpu=cortex-a55' '-mlittle-endian' '-mabi=lp64'
gmake[1]: Leaving directory '/home/black/lvgl/lv_port_linux/buildarm/CMakeFiles/CMakeTmp'



Parsed CXX implicit include dir info from above output: rv=done
  found start of include info
  found start of implicit include info
    add: [/home/black/tspi/buildroot/output/rockchip_rk3566/host/lib/gcc/aarch64-buildroot-linux-gnu/10.3.0/../../../../aarch64-buildroot-linux-gnu/include/c++/10.3.0]
    add: [/home/black/tspi/buildroot/output/rockchip_rk3566/host/lib/gcc/aarch64-buildroot-linux-gnu/10.3.0/../../../../aarch64-buildroot-linux-gnu/include/c++/10.3.0/aarch64-buildroot-linux-gnu]
    add: [/home/black/tspi/buildroot/output/rockchip_rk3566/host/lib/gcc/aarch64-buildroot-linux-gnu/10.3.0/../../../../aarch64-buildroot-linux-gnu/include/c++/10.3.0/backward]
    add: [/home/black/tspi/buildroot/output/rockchip_rk3566/host/lib/gcc/aarch64-buildroot-linux-gnu/10.3.0/include]
    add: [/home/black/tspi/buildroot/output/rockchip_rk3566/host/lib/gcc/aarch64-buildroot-linux-gnu/10.3.0/include-fixed]
    add: [/home/black/tspi/buildroot/output/rockchip_rk3566/host/lib/gcc/aarch64-buildroot-linux-gnu/10.3.0/../../../../aarch64-buildroot-linux-gnu/include]
    add: [/home/black/tspi/buildroot/output/rockchip_rk3566/host/aarch64-buildroot-linux-gnu/sysroot/usr/include]
  end of search list found
  collapse include dir [/home/black/tspi/buildroot/output/rockchip_rk3566/host/lib/gcc/aarch64-buildroot-linux-gnu/10.3.0/../../../../aarch64-buildroot-linux-gnu/include/c++/10.3.0] ==> [/home/black/tspi/buildroot/output/rockchip_rk3566/host/aarch64-buildroot-linux-gnu/include/c++/10.3.0]
  collapse include dir [/home/black/tspi/buildroot/output/rockchip_rk3566/host/lib/gcc/aarch64-buildroot-linux-gnu/10.3.0/../../../../aarch64-buildroot-linux-gnu/include/c++/10.3.0/aarch64-buildroot-linux-gnu] ==> [/home/black/tspi/buildroot/output/rockchip_rk3566/host/aarch64-buildroot-linux-gnu/include/c++/10.3.0/aarch64-buildroot-linux-gnu]
  collapse include dir [/home/black/tspi/buildroot/output/rockchip_rk3566/host/lib/gcc/aarch64-buildroot-linux-gnu/10.3.0/../../../../aarch64-buildroot-linux-gnu/include/c++/10.3.0/backward] ==> [/home/black/tspi/buildroot/output/rockchip_rk3566/host/aarch64-buildroot-linux-gnu/include/c++/10.3.0/backward]
  collapse include dir [/home/black/tspi/buildroot/output/rockchip_rk3566/host/lib/gcc/aarch64-buildroot-linux-gnu/10.3.0/include] ==> [/home/black/tspi/buildroot/output/rockchip_rk3566/host/lib/gcc/aarch64-buildroot-linux-gnu/10.3.0/include]
  collapse include dir [/home/black/tspi/buildroot/output/rockchip_rk3566/host/lib/gcc/aarch64-buildroot-linux-gnu/10.3.0/include-fixed] ==> [/home/black/tspi/buildroot/output/rockchip_rk3566/host/lib/gcc/aarch64-buildroot-linux-gnu/10.3.0/include-fixed]
  collapse include dir [/home/black/tspi/buildroot/output/rockchip_rk3566/host/lib/gcc/aarch64-buildroot-linux-gnu/10.3.0/../../../../aarch64-buildroot-linux-gnu/include] ==> [/home/black/tspi/buildroot/output/rockchip_rk3566/host/aarch64-buildroot-linux-gnu/include]
  collapse include dir [/home/black/tspi/buildroot/output/rockchip_rk3566/host/aarch64-buildroot-linux-gnu/sysroot/usr/include] ==> [/home/black/tspi/buildroot/output/rockchip_rk3566/host/aarch64-buildroot-linux-gnu/sysroot/usr/include]
  implicit include dirs: [/home/black/tspi/buildroot/output/rockchip_rk3566/host/aarch64-buildroot-linux-gnu/include/c++/10.3.0;/home/black/tspi/buildroot/output/rockchip_rk3566/host/aarch64-buildroot-linux-gnu/include/c++/10.3.0/aarch64-buildroot-linux-gnu;/home/black/tspi/buildroot/output/rockchip_rk3566/host/aarch64-buildroot-linux-gnu/include/c++/10.3.0/backward;/home/black/tspi/buildroot/output/rockchip_rk3566/host/lib/gcc/aarch64-buildroot-linux-gnu/10.3.0/include;/home/black/tspi/buildroot/output/rockchip_rk3566/host/lib/gcc/aarch64-buildroot-linux-gnu/10.3.0/include-fixed;/home/black/tspi/buildroot/output/rockchip_rk3566/host/aarch64-buildroot-linux-gnu/include;/home/black/tspi/buildroot/output/rockchip_rk3566/host/aarch64-buildroot-linux-gnu/sysroot/usr/include]


Parsed CXX implicit link information from above output:
  link line regex: [^( *|.*[/\])(aarch64-buildroot-linux-gnu-ld|CMAKE_LINK_STARTFILE-NOTFOUND|([^/\]+-)?ld|collect2)[^/\]*( |$)]
  ignore line: [Change Dir: /home/black/lvgl/lv_port_linux/buildarm/CMakeFiles/CMakeTmp]
  ignore line: []
  ignore line: [Run Build Command(s):/usr/bin/gmake -f Makefile cmTC_758d3/fast && /usr/bin/gmake  -f CMakeFiles/cmTC_758d3.dir/build.make CMakeFiles/cmTC_758d3.dir/build]
  ignore line: [gmake[1]: Entering directory '/home/black/lvgl/lv_port_linux/buildarm/CMakeFiles/CMakeTmp']
  ignore line: [Building CXX object CMakeFiles/cmTC_758d3.dir/CMakeCXXCompilerABI.cpp.o]
  ignore line: [/home/black/tspi/buildroot/output/rockchip_rk3566/host/bin/aarch64-buildroot-linux-gnu-g++   -v -o CMakeFiles/cmTC_758d3.dir/CMakeCXXCompilerABI.cpp.o -c /usr/share/cmake-3.22/Modules/CMakeCXXCompilerABI.cpp]
  ignore line: [Using built-in specs.]
  ignore line: [COLLECT_GCC=/home/black/tspi/buildroot/output/rockchip_rk3566/host/bin/aarch64-buildroot-linux-gnu-g++.br_real]
  ignore line: [Target: aarch64-buildroot-linux-gnu]
  ignore line: [Configured with: ./configure --prefix=/home/black/tspi/buildroot/output/rockchip_rk3566/host --sysconfdir=/home/black/tspi/buildroot/output/rockchip_rk3566/host/etc --enable-static --target=aarch64-buildroot-linux-gnu --with-sysroot=/home/black/tspi/buildroot/output/rockchip_rk3566/host/aarch64-buildroot-linux-gnu/sysroot --enable-__cxa_atexit --with-gnu-ld --disable-libssp --disable-multilib --disable-decimal-float --with-gmp=/home/black/tspi/buildroot/output/rockchip_rk3566/host --with-mpc=/home/black/tspi/buildroot/output/rockchip_rk3566/host --with-mpfr=/home/black/tspi/buildroot/output/rockchip_rk3566/host --with-pkgversion='Buildroot 2018.02-rc3-00001-g4c7c9df6-dirty' --with-bugurl=http://bugs.buildroot.net/ --without-zstd --disable-libquadmath --disable-libquadmath-support --enable-tls --enable-threads --without-isl --without-cloog --with-abi=lp64 --with-cpu=cortex-a55 --enable-languages=c,c++ --with-build-time-tools=/home/black/tspi/buildroot/output/rockchip_rk3566/host/aarch64-buildroot-linux-gnu/bin --enable-shared --disable-libgomp]
  ignore line: [Thread model: posix]
  ignore line: [Supported LTO compression algorithms: zlib]
  ignore line: [gcc version 10.3.0 (Buildroot 2018.02-rc3-00001-g4c7c9df6-dirty) ]
  ignore line: [COLLECT_GCC_OPTIONS='-v' '-o' 'CMakeFiles/cmTC_758d3.dir/CMakeCXXCompilerABI.cpp.o' '-c' '-shared-libgcc' '-mcpu=cortex-a55' '-mlittle-endian' '-mabi=lp64']
  ignore line: [ /home/black/tspi/buildroot/output/rockchip_rk3566/host/libexec/gcc/aarch64-buildroot-linux-gnu/10.3.0/cc1plus -quiet -v -isysroot /home/black/tspi/buildroot/output/rockchip_rk3566/host/aarch64-buildroot-linux-gnu/sysroot -D_GNU_SOURCE /usr/share/cmake-3.22/Modules/CMakeCXXCompilerABI.cpp -quiet -dumpbase CMakeCXXCompilerABI.cpp -mcpu=cortex-a55 -mlittle-endian -mabi=lp64 -auxbase-strip CMakeFiles/cmTC_758d3.dir/CMakeCXXCompilerABI.cpp.o -version -o /tmp/ccolWT8i.s]
  ignore line: [GNU C++14 (Buildroot 2018.02-rc3-00001-g4c7c9df6-dirty) version 10.3.0 (aarch64-buildroot-linux-gnu)]
  ignore line: [	compiled by GNU C version 11.4.0  GMP version 6.1.2  MPFR version 3.1.6  MPC version 1.0.3  isl version none]
  ignore line: [GGC heuristics: --param ggc-min-expand=100 --param ggc-min-heapsize=131072]
  ignore line: [ignoring nonexistent directory "/home/black/tspi/buildroot/output/rockchip_rk3566/host/aarch64-buildroot-linux-gnu/sysroot/usr/local/include"]
  ignore line: [#include "..." search starts here:]
  ignore line: [#include <...> search starts here:]
  ignore line: [ /home/black/tspi/buildroot/output/rockchip_rk3566/host/lib/gcc/aarch64-buildroot-linux-gnu/10.3.0/../../../../aarch64-buildroot-linux-gnu/include/c++/10.3.0]
  ignore line: [ /home/black/tspi/buildroot/output/rockchip_rk3566/host/lib/gcc/aarch64-buildroot-linux-gnu/10.3.0/../../../../aarch64-buildroot-linux-gnu/include/c++/10.3.0/aarch64-buildroot-linux-gnu]
  ignore line: [ /home/black/tspi/buildroot/output/rockchip_rk3566/host/lib/gcc/aarch64-buildroot-linux-gnu/10.3.0/../../../../aarch64-buildroot-linux-gnu/include/c++/10.3.0/backward]
  ignore line: [ /home/black/tspi/buildroot/output/rockchip_rk3566/host/lib/gcc/aarch64-buildroot-linux-gnu/10.3.0/include]
  ignore line: [ /home/black/tspi/buildroot/output/rockchip_rk3566/host/lib/gcc/aarch64-buildroot-linux-gnu/10.3.0/include-fixed]
  ignore line: [ /home/black/tspi/buildroot/output/rockchip_rk3566/host/lib/gcc/aarch64-buildroot-linux-gnu/10.3.0/../../../../aarch64-buildroot-linux-gnu/include]
  ignore line: [ /home/black/tspi/buildroot/output/rockchip_rk3566/host/aarch64-buildroot-linux-gnu/sysroot/usr/include]
  ignore line: [End of search list.]
  ignore line: [GNU C++14 (Buildroot 2018.02-rc3-00001-g4c7c9df6-dirty) version 10.3.0 (aarch64-buildroot-linux-gnu)]
  ignore line: [	compiled by GNU C version 11.4.0  GMP version 6.1.2  MPFR version 3.1.6  MPC version 1.0.3  isl version none]
  ignore line: [GGC heuristics: --param ggc-min-expand=100 --param ggc-min-heapsize=131072]
  ignore line: [Compiler executable checksum: f51b963e53a04d6aac052f678872880e]
  ignore line: [COLLECT_GCC_OPTIONS='-v' '-o' 'CMakeFiles/cmTC_758d3.dir/CMakeCXXCompilerABI.cpp.o' '-c' '-shared-libgcc' '-mcpu=cortex-a55' '-mlittle-endian' '-mabi=lp64']
  ignore line: [ /home/black/tspi/buildroot/output/rockchip_rk3566/host/lib/gcc/aarch64-buildroot-linux-gnu/10.3.0/../../../../aarch64-buildroot-linux-gnu/bin/as -v -EL -march=armv8.2-a+fp16+rcpc+dotprod -mabi=lp64 -o CMakeFiles/cmTC_758d3.dir/CMakeCXXCompilerABI.cpp.o /tmp/ccolWT8i.s]
  ignore line: [GNU assembler version 2.36.1 (aarch64-buildroot-linux-gnu) using BFD version (GNU Binutils) 2.36.1]
  ignore line: [COMPILER_PATH=/home/black/tspi/buildroot/output/rockchip_rk3566/host/libexec/gcc/aarch64-buildroot-linux-gnu/10.3.0/:/home/black/tspi/buildroot/output/rockchip_rk3566/host/libexec/gcc/aarch64-buildroot-linux-gnu/10.3.0/:/home/black/tspi/buildroot/output/rockchip_rk3566/host/libexec/gcc/aarch64-buildroot-linux-gnu/:/home/black/tspi/buildroot/output/rockchip_rk3566/host/lib/gcc/aarch64-buildroot-linux-gnu/10.3.0/:/home/black/tspi/buildroot/output/rockchip_rk3566/host/lib/gcc/aarch64-buildroot-linux-gnu/:/home/black/tspi/buildroot/output/rockchip_rk3566/host/lib/gcc/aarch64-buildroot-linux-gnu/10.3.0/../../../../aarch64-buildroot-linux-gnu/bin/]
  ignore line: [LIBRARY_PATH=/home/black/tspi/buildroot/output/rockchip_rk3566/host/lib/gcc/aarch64-buildroot-linux-gnu/10.3.0/:/home/black/tspi/buildroot/output/rockchip_rk3566/host/lib/gcc/aarch64-buildroot-linux-gnu/10.3.0/../../../../aarch64-buildroot-linux-gnu/lib/../lib64/:/home/black/tspi/buildroot/output/rockchip_rk3566/host/aarch64-buildroot-linux-gnu/sysroot/lib/../lib64/:/home/black/tspi/buildroot/output/rockchip_rk3566/host/aarch64-buildroot-linux-gnu/sysroot/usr/lib/../lib64/:/home/black/tspi/buildroot/output/rockchip_rk3566/host/lib/gcc/aarch64-buildroot-linux-gnu/10.3.0/../../../../aarch64-buildroot-linux-gnu/lib/:/home/black/tspi/buildroot/output/rockchip_rk3566/host/aarch64-buildroot-linux-gnu/sysroot/lib/:/home/black/tspi/buildroot/output/rockchip_rk3566/host/aarch64-buildroot-linux-gnu/sysroot/usr/lib/]
  ignore line: [COLLECT_GCC_OPTIONS='-v' '-o' 'CMakeFiles/cmTC_758d3.dir/CMakeCXXCompilerABI.cpp.o' '-c' '-shared-libgcc' '-mcpu=cortex-a55' '-mlittle-endian' '-mabi=lp64']
  ignore line: [Linking CXX executable cmTC_758d3]
  ignore line: [/usr/bin/cmake -E cmake_link_script CMakeFiles/cmTC_758d3.dir/link.txt --verbose=1]
  ignore line: [/home/black/tspi/buildroot/output/rockchip_rk3566/host/bin/aarch64-buildroot-linux-gnu-g++  -v CMakeFiles/cmTC_758d3.dir/CMakeCXXCompilerABI.cpp.o -o cmTC_758d3 ]
  ignore line: [Using built-in specs.]
  ignore line: [COLLECT_GCC=/home/black/tspi/buildroot/output/rockchip_rk3566/host/bin/aarch64-buildroot-linux-gnu-g++.br_real]
  ignore line: [COLLECT_LTO_WRAPPER=/home/black/tspi/buildroot/output/rockchip_rk3566/host/libexec/gcc/aarch64-buildroot-linux-gnu/10.3.0/lto-wrapper]
  ignore line: [Target: aarch64-buildroot-linux-gnu]
  ignore line: [Configured with: ./configure --prefix=/home/black/tspi/buildroot/output/rockchip_rk3566/host --sysconfdir=/home/black/tspi/buildroot/output/rockchip_rk3566/host/etc --enable-static --target=aarch64-buildroot-linux-gnu --with-sysroot=/home/black/tspi/buildroot/output/rockchip_rk3566/host/aarch64-buildroot-linux-gnu/sysroot --enable-__cxa_atexit --with-gnu-ld --disable-libssp --disable-multilib --disable-decimal-float --with-gmp=/home/black/tspi/buildroot/output/rockchip_rk3566/host --with-mpc=/home/black/tspi/buildroot/output/rockchip_rk3566/host --with-mpfr=/home/black/tspi/buildroot/output/rockchip_rk3566/host --with-pkgversion='Buildroot 2018.02-rc3-00001-g4c7c9df6-dirty' --with-bugurl=http://bugs.buildroot.net/ --without-zstd --disable-libquadmath --disable-libquadmath-support --enable-tls --enable-threads --without-isl --without-cloog --with-abi=lp64 --with-cpu=cortex-a55 --enable-languages=c,c++ --with-build-time-tools=/home/black/tspi/buildroot/output/rockchip_rk3566/host/aarch64-buildroot-linux-gnu/bin --enable-shared --disable-libgomp]
  ignore line: [Thread model: posix]
  ignore line: [Supported LTO compression algorithms: zlib]
  ignore line: [gcc version 10.3.0 (Buildroot 2018.02-rc3-00001-g4c7c9df6-dirty) ]
  ignore line: [COMPILER_PATH=/home/black/tspi/buildroot/output/rockchip_rk3566/host/libexec/gcc/aarch64-buildroot-linux-gnu/10.3.0/:/home/black/tspi/buildroot/output/rockchip_rk3566/host/libexec/gcc/aarch64-buildroot-linux-gnu/10.3.0/:/home/black/tspi/buildroot/output/rockchip_rk3566/host/libexec/gcc/aarch64-buildroot-linux-gnu/:/home/black/tspi/buildroot/output/rockchip_rk3566/host/lib/gcc/aarch64-buildroot-linux-gnu/10.3.0/:/home/black/tspi/buildroot/output/rockchip_rk3566/host/lib/gcc/aarch64-buildroot-linux-gnu/:/home/black/tspi/buildroot/output/rockchip_rk3566/host/lib/gcc/aarch64-buildroot-linux-gnu/10.3.0/../../../../aarch64-buildroot-linux-gnu/bin/]
  ignore line: [LIBRARY_PATH=/home/black/tspi/buildroot/output/rockchip_rk3566/host/lib/gcc/aarch64-buildroot-linux-gnu/10.3.0/:/home/black/tspi/buildroot/output/rockchip_rk3566/host/lib/gcc/aarch64-buildroot-linux-gnu/10.3.0/../../../../aarch64-buildroot-linux-gnu/lib/../lib64/:/home/black/tspi/buildroot/output/rockchip_rk3566/host/aarch64-buildroot-linux-gnu/sysroot/lib/../lib64/:/home/black/tspi/buildroot/output/rockchip_rk3566/host/aarch64-buildroot-linux-gnu/sysroot/usr/lib/../lib64/:/home/black/tspi/buildroot/output/rockchip_rk3566/host/lib/gcc/aarch64-buildroot-linux-gnu/10.3.0/../../../../aarch64-buildroot-linux-gnu/lib/:/home/black/tspi/buildroot/output/rockchip_rk3566/host/aarch64-buildroot-linux-gnu/sysroot/lib/:/home/black/tspi/buildroot/output/rockchip_rk3566/host/aarch64-buildroot-linux-gnu/sysroot/usr/lib/]
  ignore line: [COLLECT_GCC_OPTIONS='-v' '-o' 'cmTC_758d3' '-shared-libgcc' '-mcpu=cortex-a55' '-mlittle-endian' '-mabi=lp64']
  link line: [ /home/black/tspi/buildroot/output/rockchip_rk3566/host/libexec/gcc/aarch64-buildroot-linux-gnu/10.3.0/collect2 -plugin /home/black/tspi/buildroot/output/rockchip_rk3566/host/libexec/gcc/aarch64-buildroot-linux-gnu/10.3.0/liblto_plugin.so -plugin-opt=/home/black/tspi/buildroot/output/rockchip_rk3566/host/libexec/gcc/aarch64-buildroot-linux-gnu/10.3.0/lto-wrapper -plugin-opt=-fresolution=/tmp/ccKF9mW5.res -plugin-opt=-pass-through=-lgcc_s -plugin-opt=-pass-through=-lgcc -plugin-opt=-pass-through=-lc -plugin-opt=-pass-through=-lgcc_s -plugin-opt=-pass-through=-lgcc --sysroot=/home/black/tspi/buildroot/output/rockchip_rk3566/host/aarch64-buildroot-linux-gnu/sysroot --eh-frame-hdr -dynamic-linker /lib/ld-linux-aarch64.so.1 -X -EL -maarch64linux -o cmTC_758d3 /home/black/tspi/buildroot/output/rockchip_rk3566/host/aarch64-buildroot-linux-gnu/sysroot/usr/lib/../lib64/crt1.o /home/black/tspi/buildroot/output/rockchip_rk3566/host/aarch64-buildroot-linux-gnu/sysroot/usr/lib/../lib64/crti.o /home/black/tspi/buildroot/output/rockchip_rk3566/host/lib/gcc/aarch64-buildroot-linux-gnu/10.3.0/crtbegin.o -L/home/black/tspi/buildroot/output/rockchip_rk3566/host/lib/gcc/aarch64-buildroot-linux-gnu/10.3.0 -L/home/black/tspi/buildroot/output/rockchip_rk3566/host/lib/gcc/aarch64-buildroot-linux-gnu/10.3.0/../../../../aarch64-buildroot-linux-gnu/lib/../lib64 -L/home/black/tspi/buildroot/output/rockchip_rk3566/host/aarch64-buildroot-linux-gnu/sysroot/lib/../lib64 -L/home/black/tspi/buildroot/output/rockchip_rk3566/host/aarch64-buildroot-linux-gnu/sysroot/usr/lib/../lib64 -L/home/black/tspi/buildroot/output/rockchip_rk3566/host/lib/gcc/aarch64-buildroot-linux-gnu/10.3.0/../../../../aarch64-buildroot-linux-gnu/lib -L/home/black/tspi/buildroot/output/rockchip_rk3566/host/aarch64-buildroot-linux-gnu/sysroot/lib -L/home/black/tspi/buildroot/output/rockchip_rk3566/host/aarch64-buildroot-linux-gnu/sysroot/usr/lib CMakeFiles/cmTC_758d3.dir/CMakeCXXCompilerABI.cpp.o -lstdc++ -lm -lgcc_s -lgcc -lc -lgcc_s -lgcc /home/black/tspi/buildroot/output/rockchip_rk3566/host/lib/gcc/aarch64-buildroot-linux-gnu/10.3.0/crtend.o /home/black/tspi/buildroot/output/rockchip_rk3566/host/aarch64-buildroot-linux-gnu/sysroot/usr/lib/../lib64/crtn.o]
    arg [/home/black/tspi/buildroot/output/rockchip_rk3566/host/libexec/gcc/aarch64-buildroot-linux-gnu/10.3.0/collect2] ==> ignore
    arg [-plugin] ==> ignore
    arg [/home/black/tspi/buildroot/output/rockchip_rk3566/host/libexec/gcc/aarch64-buildroot-linux-gnu/10.3.0/liblto_plugin.so] ==> ignore
    arg [-plugin-opt=/home/black/tspi/buildroot/output/rockchip_rk3566/host/libexec/gcc/aarch64-buildroot-linux-gnu/10.3.0/lto-wrapper] ==> ignore
    arg [-plugin-opt=-fresolution=/tmp/ccKF9mW5.res] ==> ignore
    arg [-plugin-opt=-pass-through=-lgcc_s] ==> ignore
    arg [-plugin-opt=-pass-through=-lgcc] ==> ignore
    arg [-plugin-opt=-pass-through=-lc] ==> ignore
    arg [-plugin-opt=-pass-through=-lgcc_s] ==> ignore
    arg [-plugin-opt=-pass-through=-lgcc] ==> ignore
    arg [--sysroot=/home/black/tspi/buildroot/output/rockchip_rk3566/host/aarch64-buildroot-linux-gnu/sysroot] ==> ignore
    arg [--eh-frame-hdr] ==> ignore
    arg [-dynamic-linker] ==> ignore
    arg [/lib/ld-linux-aarch64.so.1] ==> ignore
    arg [-X] ==> ignore
    arg [-EL] ==> ignore
    arg [-maarch64linux] ==> ignore
    arg [-o] ==> ignore
    arg [cmTC_758d3] ==> ignore
    arg [/home/black/tspi/buildroot/output/rockchip_rk3566/host/aarch64-buildroot-linux-gnu/sysroot/usr/lib/../lib64/crt1.o] ==> obj [/home/black/tspi/buildroot/output/rockchip_rk3566/host/aarch64-buildroot-linux-gnu/sysroot/usr/lib/../lib64/crt1.o]
    arg [/home/black/tspi/buildroot/output/rockchip_rk3566/host/aarch64-buildroot-linux-gnu/sysroot/usr/lib/../lib64/crti.o] ==> obj [/home/black/tspi/buildroot/output/rockchip_rk3566/host/aarch64-buildroot-linux-gnu/sysroot/usr/lib/../lib64/crti.o]
    arg [/home/black/tspi/buildroot/output/rockchip_rk3566/host/lib/gcc/aarch64-buildroot-linux-gnu/10.3.0/crtbegin.o] ==> obj [/home/black/tspi/buildroot/output/rockchip_rk3566/host/lib/gcc/aarch64-buildroot-linux-gnu/10.3.0/crtbegin.o]
    arg [-L/home/black/tspi/buildroot/output/rockchip_rk3566/host/lib/gcc/aarch64-buildroot-linux-gnu/10.3.0] ==> dir [/home/black/tspi/buildroot/output/rockchip_rk3566/host/lib/gcc/aarch64-buildroot-linux-gnu/10.3.0]
    arg [-L/home/black/tspi/buildroot/output/rockchip_rk3566/host/lib/gcc/aarch64-buildroot-linux-gnu/10.3.0/../../../../aarch64-buildroot-linux-gnu/lib/../lib64] ==> dir [/home/black/tspi/buildroot/output/rockchip_rk3566/host/lib/gcc/aarch64-buildroot-linux-gnu/10.3.0/../../../../aarch64-buildroot-linux-gnu/lib/../lib64]
    arg [-L/home/black/tspi/buildroot/output/rockchip_rk3566/host/aarch64-buildroot-linux-gnu/sysroot/lib/../lib64] ==> dir [/home/black/tspi/buildroot/output/rockchip_rk3566/host/aarch64-buildroot-linux-gnu/sysroot/lib/../lib64]
    arg [-L/home/black/tspi/buildroot/output/rockchip_rk3566/host/aarch64-buildroot-linux-gnu/sysroot/usr/lib/../lib64] ==> dir [/home/black/tspi/buildroot/output/rockchip_rk3566/host/aarch64-buildroot-linux-gnu/sysroot/usr/lib/../lib64]
    arg [-L/home/black/tspi/buildroot/output/rockchip_rk3566/host/lib/gcc/aarch64-buildroot-linux-gnu/10.3.0/../../../../aarch64-buildroot-linux-gnu/lib] ==> dir [/home/black/tspi/buildroot/output/rockchip_rk3566/host/lib/gcc/aarch64-buildroot-linux-gnu/10.3.0/../../../../aarch64-buildroot-linux-gnu/lib]
    arg [-L/home/black/tspi/buildroot/output/rockchip_rk3566/host/aarch64-buildroot-linux-gnu/sysroot/lib] ==> dir [/home/black/tspi/buildroot/output/rockchip_rk3566/host/aarch64-buildroot-linux-gnu/sysroot/lib]
    arg [-L/home/black/tspi/buildroot/output/rockchip_rk3566/host/aarch64-buildroot-linux-gnu/sysroot/usr/lib] ==> dir [/home/black/tspi/buildroot/output/rockchip_rk3566/host/aarch64-buildroot-linux-gnu/sysroot/usr/lib]
    arg [CMakeFiles/cmTC_758d3.dir/CMakeCXXCompilerABI.cpp.o] ==> ignore
    arg [-lstdc++] ==> lib [stdc++]
    arg [-lm] ==> lib [m]
    arg [-lgcc_s] ==> lib [gcc_s]
    arg [-lgcc] ==> lib [gcc]
    arg [-lc] ==> lib [c]
    arg [-lgcc_s] ==> lib [gcc_s]
    arg [-lgcc] ==> lib [gcc]
    arg [/home/black/tspi/buildroot/output/rockchip_rk3566/host/lib/gcc/aarch64-buildroot-linux-gnu/10.3.0/crtend.o] ==> obj [/home/black/tspi/buildroot/output/rockchip_rk3566/host/lib/gcc/aarch64-buildroot-linux-gnu/10.3.0/crtend.o]
    arg [/home/black/tspi/buildroot/output/rockchip_rk3566/host/aarch64-buildroot-linux-gnu/sysroot/usr/lib/../lib64/crtn.o] ==> obj [/home/black/tspi/buildroot/output/rockchip_rk3566/host/aarch64-buildroot-linux-gnu/sysroot/usr/lib/../lib64/crtn.o]
  collapse obj [/home/black/tspi/buildroot/output/rockchip_rk3566/host/aarch64-buildroot-linux-gnu/sysroot/usr/lib/../lib64/crt1.o] ==> [/home/black/tspi/buildroot/output/rockchip_rk3566/host/aarch64-buildroot-linux-gnu/sysroot/usr/lib64/crt1.o]
  collapse obj [/home/black/tspi/buildroot/output/rockchip_rk3566/host/aarch64-buildroot-linux-gnu/sysroot/usr/lib/../lib64/crti.o] ==> [/home/black/tspi/buildroot/output/rockchip_rk3566/host/aarch64-buildroot-linux-gnu/sysroot/usr/lib64/crti.o]
  collapse obj [/home/black/tspi/buildroot/output/rockchip_rk3566/host/aarch64-buildroot-linux-gnu/sysroot/usr/lib/../lib64/crtn.o] ==> [/home/black/tspi/buildroot/output/rockchip_rk3566/host/aarch64-buildroot-linux-gnu/sysroot/usr/lib64/crtn.o]
  collapse library dir [/home/black/tspi/buildroot/output/rockchip_rk3566/host/lib/gcc/aarch64-buildroot-linux-gnu/10.3.0] ==> [/home/black/tspi/buildroot/output/rockchip_rk3566/host/lib/gcc/aarch64-buildroot-linux-gnu/10.3.0]
  collapse library dir [/home/black/tspi/buildroot/output/rockchip_rk3566/host/lib/gcc/aarch64-buildroot-linux-gnu/10.3.0/../../../../aarch64-buildroot-linux-gnu/lib/../lib64] ==> [/home/black/tspi/buildroot/output/rockchip_rk3566/host/aarch64-buildroot-linux-gnu/lib64]
  collapse library dir [/home/black/tspi/buildroot/output/rockchip_rk3566/host/aarch64-buildroot-linux-gnu/sysroot/lib/../lib64] ==> [/home/black/tspi/buildroot/output/rockchip_rk3566/host/aarch64-buildroot-linux-gnu/sysroot/lib64]
  collapse library dir [/home/black/tspi/buildroot/output/rockchip_rk3566/host/aarch64-buildroot-linux-gnu/sysroot/usr/lib/../lib64] ==> [/home/black/tspi/buildroot/output/rockchip_rk3566/host/aarch64-buildroot-linux-gnu/sysroot/usr/lib64]
  collapse library dir [/home/black/tspi/buildroot/output/rockchip_rk3566/host/lib/gcc/aarch64-buildroot-linux-gnu/10.3.0/../../../../aarch64-buildroot-linux-gnu/lib] ==> [/home/black/tspi/buildroot/output/rockchip_rk3566/host/aarch64-buildroot-linux-gnu/lib]
  collapse library dir [/home/black/tspi/buildroot/output/rockchip_rk3566/host/aarch64-buildroot-linux-gnu/sysroot/lib] ==> [/home/black/tspi/buildroot/output/rockchip_rk3566/host/aarch64-buildroot-linux-gnu/sysroot/lib]
  collapse library dir [/home/black/tspi/buildroot/output/rockchip_rk3566/host/aarch64-buildroot-linux-gnu/sysroot/usr/lib] ==> [/home/black/tspi/buildroot/output/rockchip_rk3566/host/aarch64-buildroot-linux-gnu/sysroot/usr/lib]
  implicit libs: [stdc++;m;gcc_s;gcc;c;gcc_s;gcc]
  implicit objs: [/home/black/tspi/buildroot/output/rockchip_rk3566/host/aarch64-buildroot-linux-gnu/sysroot/usr/lib64/crt1.o;/home/black/tspi/buildroot/output/rockchip_rk3566/host/aarch64-buildroot-linux-gnu/sysroot/usr/lib64/crti.o;/home/black/tspi/buildroot/output/rockchip_rk3566/host/lib/gcc/aarch64-buildroot-linux-gnu/10.3.0/crtbegin.o;/home/black/tspi/buildroot/output/rockchip_rk3566/host/lib/gcc/aarch64-buildroot-linux-gnu/10.3.0/crtend.o;/home/black/tspi/buildroot/output/rockchip_rk3566/host/aarch64-buildroot-linux-gnu/sysroot/usr/lib64/crtn.o]
  implicit dirs: [/home/black/tspi/buildroot/output/rockchip_rk3566/host/lib/gcc/aarch64-buildroot-linux-gnu/10.3.0;/home/black/tspi/buildroot/output/rockchip_rk3566/host/aarch64-buildroot-linux-gnu/lib64;/home/black/tspi/buildroot/output/rockchip_rk3566/host/aarch64-buildroot-linux-gnu/sysroot/lib64;/home/black/tspi/buildroot/output/rockchip_rk3566/host/aarch64-buildroot-linux-gnu/sysroot/usr/lib64;/home/black/tspi/buildroot/output/rockchip_rk3566/host/aarch64-buildroot-linux-gnu/lib;/home/black/tspi/buildroot/output/rockchip_rk3566/host/aarch64-buildroot-linux-gnu/sysroot/lib;/home/black/tspi/buildroot/output/rockchip_rk3566/host/aarch64-buildroot-linux-gnu/sysroot/usr/lib]
  implicit fwks: []


Checking whether the ASM compiler is GNU using "--version" matched "(GNU assembler)|(GCC)|(Free Software Foundation)":
aarch64-buildroot-linux-gnu-gcc.br_real (Buildroot 2018.02-rc3-00001-g4c7c9df6-dirty) 10.3.0
Copyright (C) 2020 Free Software Foundation, Inc.
This is free software; see the source for copying conditions.  There is NO
warranty; not even for MERCHANTABILITY or FITNESS FOR A PARTICULAR PURPOSE.

